<?xml version="1.0" encoding="UTF-8"?>
<!-- Generated by org.testng.reporters.JUnitReportReporter -->
<testsuite skipped="0" hostname="DESKTOP-9LP2BQG" name="Frame.FrameHW" tests="1" failures="0" timestamp="2020-09-11T02:54:13 BDT" time="10.940" errors="0">
  <testcase name="main" time="10.940" classname="Frame.FrameHW"/>
  <system-out/>
</testsuite> <!-- Frame.FrameHW -->
